<?xml version="1.0" encoding="UTF-8"?>
<!-- Generated by org.testng.reporters.JUnitReportReporter -->
<testsuite hostname="Alin-Desktop" failures="0" tests="1" name="tests.GetAndPostExamples" time="3.967" errors="0" timestamp="2021-03-30T16:21:57 CEST" skipped="0">
  <testcase classname="tests.GetAndPostExamples" name="testPort" time="3.967"/>
  <system-out/>
</testsuite> <!-- tests.GetAndPostExamples -->
