<?xml version="1.0" encoding="UTF-8"?>
<!-- Generated by org.testng.reporters.JUnitReportReporter -->
<testsuite hostname="Alin-Desktop" failures="0" tests="2" name="tests.TestsExamples" time="5.329" errors="0" timestamp="2021-03-30T15:27:49 CEST" skipped="0">
  <testcase classname="tests.TestsExamples" name="test2" time="5.190"/>
  <system-out/>
  <testcase classname="tests.TestsExamples" name="test_1" time="0.139"/>
  <system-out/>
</testsuite> <!-- tests.TestsExamples -->
